2023-04-23 00:18:41,957 - Environment info:
------------------------------------------------------------
sys.platform: darwin
Python: 3.10.10 | packaged by conda-forge | (main, Mar 24 2023, 20:17:34) [Clang 14.0.6 ]
CUDA available: False
GCC: Apple clang version 14.0.3 (clang-1403.0.22.14.1)
PyTorch: 2.0.0
PyTorch compiling details: PyTorch built with:
  - GCC 4.2
  - C++ Version: 201703
  - clang 13.1.6
  - Intel(R) oneAPI Math Kernel Library Version 2022.1-Product Build 20220312 for Intel(R) 64 architecture applications
  - Intel(R) MKL-DNN v2.7.3 (Git Hash 6dbeffbae1f23cbbeae17adb7b5b13f1f37c080e)
  - OpenMP 201811
  - LAPACK is enabled (usually provided by MKL)
  - NNPACK is enabled
  - CPU capability usage: NO AVX
  - Build settings: BLAS_INFO=mkl, BUILD_TYPE=Release, CXX_COMPILER=/Applications/Xcode_13.3.1.app/Contents/Developer/Toolchains/XcodeDefault.xctoolchain/usr/bin/clang++, CXX_FLAGS= -Wno-deprecated -fvisibility-inlines-hidden -Wno-deprecated-declarations -DUSE_PTHREADPOOL -DNDEBUG -DUSE_KINETO -DLIBKINETO_NOCUPTI -DLIBKINETO_NOROCTRACER -DUSE_FBGEMM -DUSE_QNNPACK -DUSE_PYTORCH_QNNPACK -DUSE_XNNPACK -DUSE_PYTORCH_METAL_EXPORT -DSYMBOLICATE_MOBILE_DEBUG_HANDLE -DUSE_COREML_DELEGATE -O2 -fPIC -Wall -Wextra -Werror=return-type -Werror=non-virtual-dtor -Werror=braced-scalar-init -Werror=range-loop-construct -Werror=bool-operation -Winconsistent-missing-override -Wnarrowing -Wno-missing-field-initializers -Wno-type-limits -Wno-array-bounds -Wno-unknown-pragmas -Wunused-local-typedefs -Wno-unused-parameter -Wno-unused-function -Wno-unused-result -Wno-strict-overflow -Wno-strict-aliasing -Wno-error=deprecated-declarations -Wvla-extension -Wno-range-loop-analysis -Wno-pass-failed -Wsuggest-override -Wno-error=pedantic -Wno-error=redundant-decls -Wno-error=old-style-cast -Wconstant-conversion -Wno-invalid-partial-specialization -Wno-typedef-redefinition -Wno-unused-private-field -Wno-inconsistent-missing-override -Wno-constexpr-not-const -Wno-missing-braces -Wunused-lambda-capture -Wunused-local-typedef -Qunused-arguments -fcolor-diagnostics -fdiagnostics-color=always -fno-math-errno -fno-trapping-math -Werror=format -Werror=cast-function-type -DUSE_MPS -fno-objc-arc -Wno-unguarded-availability-new -Wno-unused-private-field -Wno-missing-braces -Wno-constexpr-not-const, LAPACK_INFO=mkl, PERF_WITH_AVX512=1, TORCH_DISABLE_GPU_ASSERTS=OFF, TORCH_VERSION=2.0.0, USE_CUDA=0, USE_CUDNN=OFF, USE_EXCEPTION_PTR=1, USE_GFLAGS=OFF, USE_GLOG=OFF, USE_MKL=ON, USE_MKLDNN=ON, USE_MPI=OFF, USE_NCCL=OFF, USE_NNPACK=ON, USE_OPENMP=ON, USE_ROCM=OFF, 

TorchVision: 0.15.1
OpenCV: 4.7.0
openstl: 0.2.0
------------------------------------------------------------

